<?xml version="1.0" encoding="UTF-8"?>
<!-- Generated by org.testng.reporters.JUnitXMLReporter -->
<testsuite ignored="0" hostname="doluimjumpbox16" failures="0" tests="1" name="Test" time="0.073" errors="0" timestamp="2023-02-06T02:07:50 EST">
  <testcase classname="com.BenefitMaintenance.TC_475" name="@BeforeTest setup" time="-1.675667270125E9">
    <failure type="org.testng.TestNGException" message="
Parameter &amp;apos;browser&amp;apos; is required by BeforeTest on method setup but has not been marked @Optional or defined
in C:\Users\vikas.singh\Downloads\sample\test\testng.xml">
      <![CDATA[org.testng.TestNGException: 
Parameter 'browser' is required by BeforeTest on method setup but has not been marked @Optional or defined
in C:\Users\vikas.singh\Downloads\sample\test\testng.xml
... Removed 21 stack frames]]>
    </failure>
  </testcase> <!-- @BeforeTest setup -->
  <testcase classname="com.BenefitMaintenance.TC_475" name="@AfterTest tearDownCT_ST" time="-1.675667270188E9">
    <skipped/>
  </testcase> <!-- @AfterTest tearDownCT_ST -->
  <testcase classname="com.BenefitMaintenance.TC_475" name="Testing474" time="0.0">
    <skipped/>
  </testcase> <!-- Testing474 -->
</testsuite> <!-- Test -->
